Address already in use: JVM_Bind2015-11-01T20:29:37.246 Software caused connection abort: socket write error
2015-11-01T20:29:38.592 Software caused connection abort: socket write error
2015-11-01T20:29:39.118 Software caused connection abort: socket write error
2015-11-01T20:29:40.304 Software caused connection abort: socket write error
2015-11-01T20:29:41.177 Software caused connection abort: socket write error
2015-11-01T20:29:46.569 Software caused connection abort: socket write error
2015-11-01T20:29:46.571 Software caused connection abort: socket write error
2015-11-01T20:30:26.722 Software caused connection abort: socket write error
2015-11-01T20:30:27.162 Software caused connection abort: socket write error
2015-11-01T20:30:27.578 Software caused connection abort: socket write error
2015-11-01T20:30:27.959 Software caused connection abort: socket write error
2015-11-01T20:30:27.960 Software caused connection abort: socket write error
2015-11-01T20:30:28.593 Software caused connection abort: socket write error
2015-11-01T20:30:49.002 Connection reset by peer: socket write error
2015-11-01T20:31:10.403 Software caused connection abort: socket write error
2015-11-01T20:31:11.040 Software caused connection abort: socket write error
2015-11-01T20:42:07.487 Connection reset by peer: socket write error
2015-11-01T20:43:01.560 Software caused connection abort: socket write error
2015-11-01T20:43:01.561 Connection reset by peer: socket write error
2015-11-01T20:43:02.489 Software caused connection abort: socket write error
2015-11-01T20:44:00.714 Software caused connection abort: socket write error
2015-11-01T20:44:04.125 Software caused connection abort: socket write error
2015-11-01T20:44:07.617 Software caused connection abort: socket write error
2015-11-01T20:44:08.561 Software caused connection abort: socket write error
2015-11-01T20:45:20.624 Connection reset by peer: socket write error
2015-11-01T20:45:48.171 Software caused connection abort: socket write error
2015-11-01T20:46:03.820 Software caused connection abort: socket write error
2015-11-01T21:08:32.059 Connection reset by peer: socket write error
2015-11-01T21:08:48.005 Software caused connection abort: socket write error
2015-11-01T21:08:54.815 Software caused connection abort: socket write error
2015-11-01T21:08:58.685 Connection reset by peer: socket write error
2015-11-01T21:09:03.518 Software caused connection abort: socket write error
2015-11-01T21:13:36.363 Software caused connection abort: socket write error
2015-11-01T21:13:36.364 Connection reset by peer: socket write error
2015-11-01T21:13:37.110 Software caused connection abort: socket write error
2015-11-01T21:13:38.914 Connection reset by peer: socket write error
2015-11-01T21:17:02.417 Software caused connection abort: socket write error
2015-11-01T21:17:03.615 2015-11-01T21:17:03.615 Software caused connection abort: socket write errorSoftware caused connection abort: socket write error

2015-11-01T21:17:03.848 Software caused connection abort: socket write error
2015-11-01T21:17:04.328 Software caused connection abort: socket write error
2015-11-01T21:17:04.684 Software caused connection abort: socket write error
2015-11-01T21:17:05.314 Software caused connection abort: socket write error
2015-11-01T21:17:06.420 Software caused connection abort: socket write error
2015-11-01T21:17:07.082 Software caused connection abort: socket write error
2015-11-01T21:17:07.241 Software caused connection abort: socket write error
2015-11-01T21:17:07.241 Software caused connection abort: socket write error
2015-11-01T21:17:07.420 Software caused connection abort: socket write error
2015-11-01T21:17:07.747 Software caused connection abort: socket write error
2015-11-01T21:17:29.375 Software caused connection abort: socket write error
2015-11-01T21:18:06.877 Software caused connection abort: socket write error
2015-11-01T21:18:08.650 Software caused connection abort: socket write error
2015-11-01T21:18:09.045 Software caused connection abort: socket write error
2015-11-01T21:18:09.828 Software caused connection abort: socket write error
2015-11-01T21:18:09.828 Software caused connection abort: socket write error
2015-11-01T21:18:10.028 Software caused connection abort: socket write error
2015-11-01T21:18:11.295 Software caused connection abort: socket write error
2015-11-01T21:18:11.493 Software caused connection abort: socket write error
2015-11-01T21:18:12.471 Software caused connection abort: socket write error
2015-11-01T21:18:12.471 Software caused connection abort: socket write error
2015-11-01T21:18:12.682 Software caused connection abort: socket write error
2015-11-01T21:18:13.097 Software caused connection abort: socket write error
2015-11-01T21:18:13.882 Software caused connection abort: socket write error
2015-11-01T21:18:14.094 Software caused connection abort: socket write error
2015-11-01T21:18:14.274 2015-11-01T21:18:14.274 Software caused connection abort: socket write errorSoftware caused connection abort: socket write error

2015-11-01T21:18:14.598 Software caused connection abort: socket write error
2015-11-01T21:18:14.889 Software caused connection abort: socket write error
2015-11-01T21:18:15.191 Software caused connection abort: socket write error
2015-11-01T21:18:15.488 Software caused connection abort: socket write error
2015-11-01T21:18:15.805 Software caused connection abort: socket write error
2015-11-01T21:18:17.177 Software caused connection abort: socket write error
2015-11-01T21:18:17.177 Software caused connection abort: socket write error
2015-11-01T21:18:18.075 Software caused connection abort: socket write error
2015-11-01T21:18:18.367 Software caused connection abort: socket write error
2015-11-01T21:18:18.643 2015-11-01T21:18:18.643 Software caused connection abort: socket write errorSoftware caused connection abort: socket write error

2015-11-01T21:18:19.311 Software caused connection abort: socket write error
2015-11-01T21:18:19.617 Software caused connection abort: socket write error
2015-11-01T21:18:19.950 Software caused connection abort: socket write error
2015-11-01T21:18:20.231 Software caused connection abort: socket write error
2015-11-01T21:18:20.560 Software caused connection abort: socket write error
2015-11-01T21:18:20.840 Software caused connection abort: socket write error
2015-11-01T21:18:21.152 Software caused connection abort: socket write error
2015-11-01T21:18:21.152 Software caused connection abort: socket write error
2015-11-01T21:18:22.411 2015-11-01T21:18:22.411 Software caused connection abort: socket write error
Software caused connection abort: socket write error
2015-11-01T21:18:23.691 Software caused connection abort: socket write error
2015-11-01T21:18:23.691 Software caused connection abort: socket write error
2015-11-01T21:18:24.385 Software caused connection abort: socket write error
2015-11-01T21:18:25.976 Software caused connection abort: socket write error
2015-11-01T21:18:26.561 Software caused connection abort: socket write error
2015-11-01T21:18:27.151 Software caused connection abort: socket write error
2015-11-01T21:18:28.243 Software caused connection abort: socket write error
2015-11-01T21:18:28.244 Software caused connection abort: socket write error
2015-11-01T21:18:30.616 Software caused connection abort: socket write error
2015-11-01T21:18:30.616 Software caused connection abort: socket write error
2015-11-01T21:18:31.522 Connection reset by peer: socket write error
2015-11-01T21:18:31.525 Software caused connection abort: socket write error
2015-11-01T21:18:33.093 Connection reset by peer: socket write error
2015-11-01T21:18:34.398 Connection reset by peer: socket write error
2015-11-01T21:18:34.398 Connection reset by peer: socket write error
2015-11-01T21:18:35.138 Software caused connection abort: socket write error
2015-11-01T21:18:35.138 Software caused connection abort: socket write error
2015-11-01T21:18:35.728 Software caused connection abort: socket write error
2015-11-01T21:18:36.224 Software caused connection abort: socket write error
2015-11-01T21:18:36.553 Software caused connection abort: socket write error
2015-11-01T21:18:36.554 Software caused connection abort: socket write error
2015-11-01T21:18:37.075 Software caused connection abort: socket write error
2015-11-01T21:18:37.832 Software caused connection abort: socket write error
2015-11-01T21:18:37.832 Software caused connection abort: socket write error
2015-11-01T21:18:39.082 Software caused connection abort: socket write error
2015-11-01T21:18:39.470 Software caused connection abort: socket write error
2015-11-01T21:18:40.461 Software caused connection abort: socket write error
2015-11-01T21:18:40.461 Software caused connection abort: socket write error
2015-11-01T21:18:41.194 Software caused connection abort: socket write error
2015-11-01T21:18:41.545 Software caused connection abort: socket write error
2015-11-01T21:18:41.704 2015-11-01T21:18:41.704 Software caused connection abort: socket write errorSoftware caused connection abort: socket write error

2015-11-01T21:18:41.839 Software caused connection abort: socket write error
2015-11-01T21:18:41.984 Software caused connection abort: socket write error
2015-11-01T21:18:42.171 Software caused connection abort: socket write error
2015-11-01T21:18:42.365 Software caused connection abort: socket write error
2015-11-01T21:18:42.697 2015-11-01T21:18:42.697 Software caused connection abort: socket write errorSoftware caused connection abort: socket write error

2015-11-01T21:18:42.853 Software caused connection abort: socket write error
2015-11-01T21:18:43.221 Software caused connection abort: socket write error
2015-11-01T21:18:43.800 Software caused connection abort: socket write error
2015-11-01T21:18:43.994 2015-11-01T21:18:43.994 Software caused connection abort: socket write error
Software caused connection abort: socket write error
2015-11-01T21:18:44.790 Software caused connection abort: socket write error
2015-11-01T21:18:44.976 Software caused connection abort: socket write error
2015-11-01T21:18:45.287 Software caused connection abort: socket write error
2015-11-01T21:18:45.288 Software caused connection abort: socket write error
2015-11-01T21:18:45.990 2015-11-01T21:18:45.990 Software caused connection abort: socket write errorSoftware caused connection abort: socket write error

2015-11-01T21:18:46.234 Software caused connection abort: socket write error
2015-11-01T21:18:46.479 Software caused connection abort: socket write error
2015-11-01T21:18:46.479 Software caused connection abort: socket write error
2015-11-01T21:18:46.710 Software caused connection abort: socket write error
2015-11-01T21:18:47.783 Software caused connection abort: socket write error
2015-11-01T21:18:47.987 Software caused connection abort: socket write error
2015-11-01T21:18:47.987 Software caused connection abort: socket write error
2015-11-01T21:18:49.870 Software caused connection abort: socket write error
2015-11-01T21:18:49.870 Software caused connection abort: socket write error
2015-11-01T21:18:50.087 Software caused connection abort: socket write error
2015-11-01T21:18:50.358 Software caused connection abort: socket write error2015-11-01T21:18:50.359 
Software caused connection abort: socket write error
2015-11-01T21:18:50.835 Software caused connection abort: socket write error
2015-11-01T21:18:50.835 Software caused connection abort: socket write error
2015-11-01T21:18:51.107 2015-11-01T21:18:51.107 Software caused connection abort: socket write errorSoftware caused connection abort: socket write error

2015-11-01T21:18:52.815 Software caused connection abort: socket write error
2015-11-01T21:18:53.267 Software caused connection abort: socket write error
2015-11-01T21:18:53.268 Software caused connection abort: socket write error
2015-11-01T21:18:53.968 Software caused connection abort: socket write error
2015-11-01T21:18:56.259 Software caused connection abort: socket write error
2015-11-01T21:19:00.470 Software caused connection abort: socket write error
2015-11-01T21:19:01.121 Software caused connection abort: socket write error
2015-11-01T21:19:02.724 Software caused connection abort: socket write error
2015-11-01T21:19:02.725 Software caused connection abort: socket write error
2015-11-01T21:19:03.475 Software caused connection abort: socket write error
2015-11-01T21:19:04.290 Software caused connection abort: socket write error
2015-11-01T21:19:16.262 Software caused connection abort: socket write error
2015-11-01T21:19:16.262 Software caused connection abort: socket write error
2015-11-01T21:19:16.682 Software caused connection abort: socket write error
2015-11-01T21:19:16.853 Software caused connection abort: socket write error
2015-11-01T21:19:16.853 Software caused connection abort: socket write error
2015-11-01T21:19:17.553 Software caused connection abort: socket write error
2015-11-01T21:19:17.554 Software caused connection abort: socket write error
2015-11-01T21:19:21.527 Connection reset by peer: socket write error
2015-11-01T21:19:21.529 Software caused connection abort: socket write error
2015-11-01T21:19:23.281 Connection reset by peer: socket write error
2015-11-01T21:19:23.342 Software caused connection abort: socket write error
2015-11-01T21:19:23.343 Software caused connection abort: socket write error
2015-11-01T21:19:24.443 Connection reset by peer: socket write error
2015-11-01T21:19:25.204 Connection reset by peer: socket write error
2015-11-01T21:19:45.743 Connection reset by peer: socket write error
2015-11-01T21:19:46.464 Connection reset by peer: socket write error
2015-11-01T21:19:47.273 Connection reset by peer: socket write error
2015-11-01T21:19:47.860 Connection reset by peer: socket write error
2015-11-01T21:19:50.435 Connection reset by peer: socket write error
2015-11-01T21:19:51.071 Connection reset by peer: socket write error
2015-11-01T21:20:09.556 Connection reset by peer: socket write error
2015-11-01T21:20:10.602 Connection reset by peer: socket write error
2015-11-01T21:20:32.221 Connection reset by peer: socket write error
2015-11-01T21:20:55.610 Connection reset by peer: socket write error
2015-11-01T21:21:29.243 Software caused connection abort: socket write error
2015-11-01T21:21:29.474 Software caused connection abort: socket write error
2015-11-01T21:21:29.694 Software caused connection abort: socket write error
2015-11-01T21:21:29.927 Software caused connection abort: socket write error
2015-11-01T21:21:30.137 Software caused connection abort: socket write error
2015-11-01T21:21:30.344 Software caused connection abort: socket write error
2015-11-01T21:21:30.535 Software caused connection abort: socket write error
2015-11-01T21:21:30.762 Software caused connection abort: socket write error
2015-11-01T21:21:30.997 Software caused connection abort: socket write error
2015-11-01T21:21:31.258 Software caused connection abort: socket write error
2015-11-01T21:21:31.507 Software caused connection abort: socket write error
2015-11-01T21:21:31.732 Software caused connection abort: socket write error
2015-11-01T21:21:31.946 Software caused connection abort: socket write error
2015-11-01T21:21:32.192 Software caused connection abort: socket write error
2015-11-01T21:21:32.406 Software caused connection abort: socket write error
2015-11-01T21:21:32.617 Software caused connection abort: socket write error
2015-11-01T21:21:32.867 Software caused connection abort: socket write error
2015-11-01T21:21:33.096 Software caused connection abort: socket write error
2015-11-01T21:21:33.383 Software caused connection abort: socket write error
2015-11-01T21:21:33.657 Software caused connection abort: socket write error
2015-11-01T21:21:33.912 Software caused connection abort: socket write error
2015-11-01T21:21:34.141 Software caused connection abort: socket write error
2015-11-01T21:21:34.356 Software caused connection abort: socket write error
2015-11-01T21:21:34.576 Software caused connection abort: socket write error
2015-11-01T21:21:34.804 Software caused connection abort: socket write error
2015-11-01T21:21:35.049 Software caused connection abort: socket write error
2015-11-01T21:21:35.304 Software caused connection abort: socket write error
2015-11-01T21:21:35.563 Software caused connection abort: socket write error
2015-11-01T21:21:35.825 Software caused connection abort: socket write error
2015-11-01T21:21:36.082 Software caused connection abort: socket write error
2015-11-01T21:21:36.314 Software caused connection abort: socket write error
2015-11-01T21:21:36.574 Software caused connection abort: socket write error
2015-11-01T21:21:36.811 Software caused connection abort: socket write error
2015-11-01T21:21:37.072 Software caused connection abort: socket write error
2015-11-01T21:21:37.320 Software caused connection abort: socket write error
2015-11-01T21:21:37.572 Software caused connection abort: socket write error
2015-11-01T21:21:37.839 Software caused connection abort: socket write error
2015-11-01T21:21:38.102 Software caused connection abort: socket write error
2015-11-01T21:21:38.357 Software caused connection abort: socket write error
2015-11-01T21:21:38.605 Software caused connection abort: socket write error
2015-11-01T21:21:38.842 Software caused connection abort: socket write error
2015-11-01T21:21:39.142 Software caused connection abort: socket write error
2015-11-01T21:21:39.422 Software caused connection abort: socket write error
2015-11-01T21:21:45.114 Software caused connection abort: socket write error
2015-11-01T21:21:45.431 Software caused connection abort: socket write error
2015-11-01T21:21:45.723 Software caused connection abort: socket write error
2015-11-01T21:21:46.005 Software caused connection abort: socket write error
2015-11-01T21:21:46.211 Software caused connection abort: socket write error
2015-11-01T21:21:46.487 Software caused connection abort: socket write error
2015-11-01T21:21:46.758 Software caused connection abort: socket write error
2015-11-01T21:21:47.131 Software caused connection abort: socket write error
2015-11-01T21:21:47.439 Software caused connection abort: socket write error
2015-11-01T21:21:47.759 Software caused connection abort: socket write error
2015-11-01T21:21:48.073 Software caused connection abort: socket write error
2015-11-01T21:21:48.414 Software caused connection abort: socket write error
2015-11-01T21:21:48.699 Software caused connection abort: socket write error
2015-11-01T21:21:49.006 Software caused connection abort: socket write error
2015-11-01T21:21:49.330 Software caused connection abort: socket write error
2015-11-01T21:21:49.704 Software caused connection abort: socket write error
2015-11-01T21:21:49.990 Software caused connection abort: socket write error
2015-11-01T21:21:50.393 Software caused connection abort: socket write error
2015-11-01T21:21:50.766 Software caused connection abort: socket write error
2015-11-01T21:21:51.090 Software caused connection abort: socket write error
2015-11-01T21:21:51.365 Software caused connection abort: socket write error
2015-11-01T21:21:51.626 Software caused connection abort: socket write error
2015-11-01T21:21:51.872 Software caused connection abort: socket write error
2015-11-01T21:21:52.175 Software caused connection abort: socket write error
2015-11-01T21:21:52.529 Software caused connection abort: socket write error
2015-11-01T21:21:52.851 Software caused connection abort: socket write error
2015-11-01T21:21:53.171 Software caused connection abort: socket write error
2015-11-01T21:21:53.469 Software caused connection abort: socket write error
2015-11-01T21:21:53.814 Software caused connection abort: socket write error
2015-11-01T21:21:57.077 Software caused connection abort: socket write error
2015-11-01T21:21:57.392 Software caused connection abort: socket write error
2015-11-01T21:21:57.679 Software caused connection abort: socket write error
2015-11-01T21:22:24.417 Software caused connection abort: socket write error
2015-11-01T21:22:24.738 Software caused connection abort: socket write error
2015-11-01T21:22:24.976 Software caused connection abort: socket write error
2015-11-01T21:22:25.445 Software caused connection abort: socket write error
2015-11-01T21:22:25.782 Software caused connection abort: socket write error
2015-11-01T21:22:26.069 Software caused connection abort: socket write error
2015-11-01T21:22:26.324 Software caused connection abort: socket write error
2015-11-01T21:22:26.616 Software caused connection abort: socket write error
2015-11-01T21:22:26.913 Software caused connection abort: socket write error
2015-11-01T21:22:27.238 Software caused connection abort: socket write error
2015-11-01T21:22:27.466 Software caused connection abort: socket write error
2015-11-01T21:22:27.703 Software caused connection abort: socket write error
2015-11-01T21:22:27.913 Software caused connection abort: socket write error
2015-11-01T21:22:28.109 Software caused connection abort: socket write error
2015-11-01T21:22:28.360 Software caused connection abort: socket write error
2015-11-01T21:22:28.609 Software caused connection abort: socket write error
2015-11-01T21:22:28.899 Software caused connection abort: socket write error
2015-11-01T21:22:29.448 Software caused connection abort: socket write error
2015-11-01T21:22:29.553 Software caused connection abort: socket write error
2015-11-01T21:22:29.804 Software caused connection abort: socket write error
2015-11-01T21:22:29.983 Software caused connection abort: socket write error
2015-11-01T21:22:30.187 Software caused connection abort: socket write error
2015-11-01T21:22:30.414 Software caused connection abort: socket write error
2015-11-01T21:22:30.617 Software caused connection abort: socket write error
2015-11-01T21:22:30.843 Software caused connection abort: socket write error
2015-11-01T21:22:31.075 Software caused connection abort: socket write error
2015-11-01T21:22:31.320 Software caused connection abort: socket write error
2015-11-01T21:22:31.549 Software caused connection abort: socket write error
2015-11-01T21:22:31.811 Software caused connection abort: socket write error
2015-11-01T21:22:32.087 Software caused connection abort: socket write error
2015-11-01T21:22:32.325 Software caused connection abort: socket write error
2015-11-01T21:22:32.569 Software caused connection abort: socket write error
2015-11-01T21:22:32.816 Software caused connection abort: socket write error
2015-11-01T21:22:33.018 Software caused connection abort: socket write error
2015-11-01T21:22:33.121 Software caused connection abort: socket write error
2015-11-01T21:22:43.644 Software caused connection abort: socket write error
2015-11-01T21:22:43.875 Software caused connection abort: socket write error
2015-11-01T21:22:44.083 Software caused connection abort: socket write error
2015-11-01T21:22:44.288 Software caused connection abort: socket write error
2015-11-01T21:22:50.108 Software caused connection abort: socket write error
2015-11-01T21:22:50.289 Software caused connection abort: socket write error
2015-11-01T21:22:50.538 Software caused connection abort: socket write error
2015-11-01T21:22:50.811 Software caused connection abort: socket write error
2015-11-01T21:22:51.030 Software caused connection abort: socket write error
2015-11-01T21:22:51.289 Software caused connection abort: socket write error
2015-11-01T21:22:51.568 Software caused connection abort: socket write error
2015-11-01T21:22:51.851 Software caused connection abort: socket write error
2015-11-01T21:22:52.107 Software caused connection abort: socket write error
2015-11-01T21:22:52.395 Software caused connection abort: socket write error
2015-11-01T21:25:48.932 Software caused connection abort: socket write error
2015-11-01T21:25:49.089 Software caused connection abort: socket write error
2015-11-01T21:25:49.239 Software caused connection abort: socket write error
2015-11-01T21:25:49.365 Software caused connection abort: socket write error
2015-11-01T21:25:49.532 Software caused connection abort: socket write error
2015-11-01T21:25:49.735 Software caused connection abort: socket write error
2015-11-01T21:25:49.908 Software caused connection abort: socket write error
2015-11-01T21:25:50.049 Software caused connection abort: socket write error
2015-11-01T21:25:50.244 Software caused connection abort: socket write error
2015-11-01T21:25:50.397 Software caused connection abort: socket write error
2015-11-01T21:25:50.563 Software caused connection abort: socket write error
2015-11-01T21:25:50.751 Software caused connection abort: socket write error
2015-11-01T21:25:50.899 Software caused connection abort: socket write error
2015-11-01T21:25:51.081 Software caused connection abort: socket write error
2015-11-01T21:25:51.255 Software caused connection abort: socket write error
2015-11-01T21:25:51.436 Software caused connection abort: socket write error
2015-11-01T21:25:51.609 Software caused connection abort: socket write error
2015-11-01T21:25:51.790 Software caused connection abort: socket write error
2015-11-01T21:25:51.962 Software caused connection abort: socket write error
2015-11-01T21:25:52.128 Software caused connection abort: socket write error
2015-11-01T21:25:52.295 Software caused connection abort: socket write error
2015-11-01T21:25:52.483 Software caused connection abort: socket write error
2015-11-01T21:25:52.601 Software caused connection abort: socket write error
2015-11-01T21:26:04.487 Connection reset by peer: socket write error
2015-11-01T21:26:17.870 Software caused connection abort: socket write error
2015-11-01T21:26:18.026 Software caused connection abort: socket write error
2015-11-01T21:26:18.185 Software caused connection abort: socket write error
2015-11-01T21:26:18.345 Software caused connection abort: socket write error
2015-11-01T21:26:18.563 Software caused connection abort: socket write error
2015-11-01T21:26:37.319 Software caused connection abort: socket write error
2015-11-01T21:26:37.486 Software caused connection abort: socket write error
2015-11-01T21:26:37.685 Software caused connection abort: socket write error
2015-11-01T21:26:37.837 Software caused connection abort: socket write error
2015-11-01T21:26:37.922 Connection reset by peer: socket write error
2015-11-01T21:26:38.019 Software caused connection abort: socket write error
2015-11-01T21:26:38.188 Software caused connection abort: socket write error
2015-11-01T21:26:38.366 Software caused connection abort: socket write error
2015-11-01T21:26:38.546 Software caused connection abort: socket write error
2015-11-01T21:26:38.719 Software caused connection abort: socket write error
2015-11-01T21:26:38.912 Software caused connection abort: socket write error
2015-11-01T21:26:39.113 Software caused connection abort: socket write error
2015-11-01T21:26:39.263 Software caused connection abort: socket write error
2015-11-01T21:26:39.436 Software caused connection abort: socket write error
2015-11-01T21:26:39.595 Software caused connection abort: socket write error
2015-11-01T21:26:39.766 Software caused connection abort: socket write error
2015-11-01T21:26:39.932 Software caused connection abort: socket write error
2015-11-01T21:26:40.152 Software caused connection abort: socket write error
2015-11-01T21:26:40.325 Software caused connection abort: socket write error
2015-11-01T21:26:40.498 Software caused connection abort: socket write error
2015-11-01T21:26:40.687 Software caused connection abort: socket write error
2015-11-01T21:26:40.869 Software caused connection abort: socket write error
2015-11-01T21:26:41.525 Software caused connection abort: socket write error
2015-11-01T21:37:34.336 Connection refused: connect
2015-11-01T21:53:26.703 Software caused connection abort: socket write error
2015-11-01T21:53:26.860 Software caused connection abort: socket write error
2015-11-01T21:53:26.985 Software caused connection abort: socket write error
2015-11-01T21:53:27.109 Software caused connection abort: socket write error
2015-11-01T21:53:27.234 Software caused connection abort: socket write error
2015-11-01T21:53:27.355 Software caused connection abort: socket write error
2015-11-01T21:53:27.536 Software caused connection abort: socket write error
2015-11-01T21:53:27.687 Software caused connection abort: socket write error
2015-11-01T21:53:27.837 Software caused connection abort: socket write error
2015-11-01T21:53:27.961 Software caused connection abort: socket write error
2015-11-01T21:53:28.102 Software caused connection abort: socket write error
2015-11-01T21:53:28.252 Software caused connection abort: socket write error
2015-11-01T21:53:28.394 Software caused connection abort: socket write error
2015-11-01T21:53:28.545 Software caused connection abort: socket write error
2015-11-01T21:53:28.683 Software caused connection abort: socket write error
2015-11-01T21:53:28.738 Software caused connection abort: socket write error
2015-11-01T21:53:34.938 Software caused connection abort: socket write error
2015-11-01T21:53:35.103 Software caused connection abort: socket write error
2015-11-01T21:53:35.252 Software caused connection abort: socket write error
2015-11-01T21:53:35.402 Software caused connection abort: socket write error
2015-11-01T21:53:35.535 Software caused connection abort: socket write error
2015-11-01T21:53:35.668 Software caused connection abort: socket write error
2015-11-01T21:53:35.826 Software caused connection abort: socket write error
2015-11-01T21:53:35.984 Software caused connection abort: socket write error
2015-11-01T21:53:36.140 Software caused connection abort: socket write error
2015-11-01T21:53:36.299 Software caused connection abort: socket write error
2015-11-01T21:53:36.470 Software caused connection abort: socket write error
2015-11-01T21:53:36.621 Software caused connection abort: socket write error
2015-11-01T21:53:36.777 Software caused connection abort: socket write error
2015-11-01T21:53:36.935 Software caused connection abort: socket write error
2015-11-01T21:53:37.424 Software caused connection abort: socket write error
2015-11-01T21:53:37.583 Software caused connection abort: socket write error
2015-11-01T21:53:37.740 Software caused connection abort: socket write error
2015-11-01T21:53:37.895 Software caused connection abort: socket write error
2015-11-01T21:53:38.051 Software caused connection abort: socket write error
2015-11-01T21:53:38.211 Software caused connection abort: socket write error
2015-11-01T21:53:38.376 Software caused connection abort: socket write error
2015-11-01T21:53:38.510 Software caused connection abort: socket write error
2015-11-01T21:53:38.675 Software caused connection abort: socket write error
2015-11-01T21:53:38.825 Software caused connection abort: socket write error
2015-11-01T21:53:39.005 Software caused connection abort: socket write error
2015-11-01T21:53:39.496 Software caused connection abort: socket write error
2015-11-01T21:53:39.643 Software caused connection abort: socket write error
2015-11-01T21:53:39.832 Software caused connection abort: socket write error
2015-11-01T21:53:39.987 Software caused connection abort: socket write error
2015-11-01T22:01:18.371 Software caused connection abort: socket write error
2015-11-01T22:01:18.514 Software caused connection abort: socket write error
2015-11-01T22:01:18.647 Software caused connection abort: socket write error
2015-11-01T22:01:18.781 Software caused connection abort: socket write error
2015-11-01T22:01:18.914 Software caused connection abort: socket write error
2015-11-01T22:01:19.154 Software caused connection abort: socket write error
2015-11-01T22:01:19.311 Software caused connection abort: socket write error
2015-11-01T22:01:19.461 Software caused connection abort: socket write error
2015-11-01T22:01:19.609 Software caused connection abort: socket write error
2015-11-01T22:01:19.806 Software caused connection abort: socket write error
2015-11-01T22:01:19.955 Software caused connection abort: socket write error
2015-11-01T22:01:20.105 Software caused connection abort: socket write error
2015-11-01T22:01:20.278 Software caused connection abort: socket write error
2015-11-01T22:01:20.517 Software caused connection abort: socket write error
2015-11-01T22:01:24.319 Software caused connection abort: socket write error
2015-11-01T22:01:24.482 Software caused connection abort: socket write error
2015-11-01T22:01:24.648 Software caused connection abort: socket write error
2015-11-01T22:01:24.828 Software caused connection abort: socket write error
2015-11-01T22:01:24.978 Software caused connection abort: socket write error
2015-11-01T22:01:25.135 Software caused connection abort: socket write error
2015-11-01T22:01:25.285 Software caused connection abort: socket write error
2015-11-01T22:01:59.399 Connection refused: connect
2015-11-01T22:03:20.507 Connection reset by peer: socket write error
2015-11-01T22:03:22.084 Software caused connection abort: socket write error
2015-11-01T22:03:22.233 Software caused connection abort: socket write error
2015-11-01T22:03:22.374 Software caused connection abort: socket write error
2015-11-01T22:03:22.515 Software caused connection abort: socket write error
2015-11-01T22:03:22.649 Software caused connection abort: socket write error
2015-11-01T22:03:22.799 Software caused connection abort: socket write error
2015-11-01T22:03:22.947 Software caused connection abort: socket write error
2015-11-01T22:03:23.105 Software caused connection abort: socket write error
2015-11-01T22:03:23.246 Software caused connection abort: socket write error
2015-11-01T22:03:23.452 Software caused connection abort: socket write error
2015-11-01T22:03:23.625 Software caused connection abort: socket write error
2015-11-01T22:03:23.758 Software caused connection abort: socket write error
2015-11-01T22:03:23.947 Software caused connection abort: socket write error
2015-11-01T22:03:24.436 Software caused connection abort: socket write error
2015-11-01T22:03:24.607 Software caused connection abort: socket write error
2015-11-01T22:03:24.808 Software caused connection abort: socket write error
2015-11-01T22:03:24.979 Software caused connection abort: socket write error
2015-11-01T22:03:25.144 Software caused connection abort: socket write error
2015-11-01T22:03:25.324 Software caused connection abort: socket write error
2015-11-01T22:03:25.523 Software caused connection abort: socket write error
2015-11-01T22:03:25.727 Software caused connection abort: socket write error
2015-11-01T22:03:25.932 Software caused connection abort: socket write error
2015-11-01T22:03:26.130 Software caused connection abort: socket write error
2015-11-01T22:03:26.334 Software caused connection abort: socket write error
2015-11-01T22:03:26.524 Software caused connection abort: socket write error
2015-11-01T22:03:26.729 Software caused connection abort: socket write error
2015-11-01T22:03:26.894 Software caused connection abort: socket write error
2015-11-01T22:03:27.067 Software caused connection abort: socket write error
2015-11-01T22:03:27.083 Software caused connection abort: socket write error
2015-11-01T22:03:30.672 Software caused connection abort: socket write error
2015-11-01T22:03:30.844 Software caused connection abort: socket write error
2015-11-01T22:03:31.008 Software caused connection abort: socket write error
2015-11-01T22:03:31.182 Software caused connection abort: socket write error
2015-11-01T22:03:31.357 Software caused connection abort: socket write error
2015-11-01T22:03:31.546 Software caused connection abort: socket write error
2015-11-01T22:03:31.711 Software caused connection abort: socket write error
2015-11-01T22:03:31.901 Software caused connection abort: socket write error
2015-11-01T22:03:32.089 Software caused connection abort: socket write error
2015-11-01T22:03:32.278 Software caused connection abort: socket write error
2015-11-01T22:03:32.444 Software caused connection abort: socket write error
2015-11-01T22:03:32.610 Software caused connection abort: socket write error
2015-11-01T22:03:32.766 Software caused connection abort: socket write error
2015-11-01T22:04:59.514 